[debug] [2023-06-12T04:06:30.473Z] ----------------------------------------------------------------------
[debug] [2023-06-12T04:06:30.473Z] Command:       /Users/lasithherath/.nvm/versions/node/v16.18.0/bin/node /Users/lasithherath/.nvm/versions/node/v16.18.0/bin/firebase init
[debug] [2023-06-12T04:06:30.474Z] CLI Version:   12.3.1
[debug] [2023-06-12T04:06:30.474Z] Platform:      darwin
[debug] [2023-06-12T04:06:30.474Z] Node Version:  v16.18.0
[debug] [2023-06-12T04:06:30.475Z] Time:          Mon Jun 12 2023 09:36:30 GMT+0530 (India Standard Time)
[debug] [2023-06-12T04:06:30.475Z] ----------------------------------------------------------------------
[debug] 
[debug] [2023-06-12T04:06:30.478Z] > command requires scopes: ["email","openid","https://www.googleapis.com/auth/cloudplatformprojects.readonly","https://www.googleapis.com/auth/firebase","https://www.googleapis.com/auth/cloud-platform"]
[debug] [2023-06-12T04:06:30.478Z] > authorizing via signed-in user (lasithherath00@gmail.com)
[info] 
     ######## #### ########  ######## ########     ###     ######  ########
     ##        ##  ##     ## ##       ##     ##  ##   ##  ##       ##
     ######    ##  ########  ######   ########  #########  ######  ######
     ##        ##  ##    ##  ##       ##     ## ##     ##       ## ##
     ##       #### ##     ## ######## ########  ##     ##  ######  ########

You're about to initialize a Firebase project in this directory:

  /Users/lasithherath/Desktop/ R-Hooks/my-app

[info] 
=== Project Setup
[info] 
[info] First, let's associate this project directory with a Firebase project.
[info] You can create multiple project aliases by running firebase use --add, 
[info] but for now we'll just set up a default project.
[info] 
[debug] [2023-06-12T04:07:19.751Z] > refreshing access token with scopes: []
[debug] [2023-06-12T04:07:19.753Z] >>> [apiv2][query] POST https://www.googleapis.com/oauth2/v3/token [none]
[debug] [2023-06-12T04:07:19.754Z] >>> [apiv2][body] POST https://www.googleapis.com/oauth2/v3/token [omitted]
[debug] [2023-06-12T04:07:19.996Z] <<< [apiv2][status] POST https://www.googleapis.com/oauth2/v3/token 200
[debug] [2023-06-12T04:07:19.996Z] <<< [apiv2][body] POST https://www.googleapis.com/oauth2/v3/token [omitted]
[debug] [2023-06-12T04:07:20.026Z] >>> [apiv2][query] GET https://firebase.googleapis.com/v1beta1/projects pageSize=100
[debug] [2023-06-12T04:07:21.031Z] <<< [apiv2][status] GET https://firebase.googleapis.com/v1beta1/projects 200
[debug] [2023-06-12T04:07:21.031Z] <<< [apiv2][body] GET https://firebase.googleapis.com/v1beta1/projects [omitted]
[info] i  Using project blogproject-6d625 (blogProject) 
[info] 
=== Hosting Setup
[info] 
[info] Your public directory is the folder (relative to your project directory) that
[info] will contain Hosting assets to be uploaded with firebase deploy. If you
[info] have a build process for your assets, use your build's output directory.
[info] 
[info] ✔  Wrote public/404.html 
[debug] [2023-06-12T04:08:22.199Z] >>> [apiv2][query] GET https://www.gstatic.com/firebasejs/releases.json [none]
[debug] [2023-06-12T04:08:22.948Z] <<< [apiv2][status] GET https://www.gstatic.com/firebasejs/releases.json 200
[debug] [2023-06-12T04:08:22.948Z] <<< [apiv2][body] GET https://www.gstatic.com/firebasejs/releases.json {"current":{"version":"9.22.2","browserURL":"https://www.gstatic.com/firebasejs/9.22.2/firebase.js","packageURL":"https://www.gstatic.com/firebasejs/9.22.2/firebase.tgz"},"live":{"version":"9.22","browserURL":"https://www.gstatic.com/firebasejs/live/9.22/firebase.js","packageURL":"https://www.gstatic.com/firebasejs/live/9.22/firebase.tgz"},"components":{"analytics":"https://www.gstatic.com/firebasejs/9.22.2/firebase-analytics.js","app":"https://www.gstatic.com/firebasejs/9.22.2/firebase-app.js","app-check":"https://www.gstatic.com/firebasejs/9.22.2/firebase-app-check.js","auth":"https://www.gstatic.com/firebasejs/9.22.2/firebase-auth.js","auth/cordova":"https://www.gstatic.com/firebasejs/9.22.2/firebase-auth/cordova.js","auth/react-native":"https://www.gstatic.com/firebasejs/9.22.2/firebase-auth/react-native.js","functions":"https://www.gstatic.com/firebasejs/9.22.2/firebase-functions.js","firestore":"https://www.gstatic.com/firebasejs/9.22.2/firebase-firestore.js","firestore/lite":"https://www.gstatic.com/firebasejs/9.22.2/firebase-firestore/lite.js","installations":"https://www.gstatic.com/firebasejs/9.22.2/firebase-installations.js","storage":"https://www.gstatic.com/firebasejs/9.22.2/firebase-storage.js","performance":"https://www.gstatic.com/firebasejs/9.22.2/firebase-performance.js","remote-config":"https://www.gstatic.com/firebasejs/9.22.2/firebase-remote-config.js","messaging":"https://www.gstatic.com/firebasejs/9.22.2/firebase-messaging.js","messaging/sw":"https://www.gstatic.com/firebasejs/9.22.2/firebase-messaging/sw.js","database":"https://www.gstatic.com/firebasejs/9.22.2/firebase-database.js","firestore.memory":"https://www.gstatic.com/firebasejs/9.22.2/firebase-firestore.memory.js"}}
[info] i  Skipping write of public/index.html 
[info] 
[info] i  Detected a .git folder at /Users/lasithherath/Desktop/ R-Hooks/my-app 
[info] i  Authorizing with GitHub to upload your service account to a GitHub repository's secrets store. 
[info] 
[info] Visit this URL on this device to log in:
[info] https://github.com/login/oauth/authorize?client_id=89cf50f02ac6aaed3484&state=587563185&redirect_uri=http%3A%2F%2Flocalhost%3A9005&scope=read%3Auser%20repo%20public_repo
[info] 
[info] Waiting for authentication...
[debug] [2023-06-12T04:08:27.065Z] >>> [apiv2][query] POST https://github.com/login/oauth/access_token [none]
[debug] [2023-06-12T04:08:27.066Z] >>> [apiv2][body] POST https://github.com/login/oauth/access_token [stream]
[debug] [2023-06-12T04:08:27.606Z] <<< [apiv2][status] POST https://github.com/login/oauth/access_token 200
[debug] [2023-06-12T04:08:27.606Z] <<< [apiv2][body] POST https://github.com/login/oauth/access_token {"access_token":"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","token_type":"bearer","scope":"read:user,repo"}
[debug] [2023-06-12T04:08:27.612Z] >>> [apiv2][query] GET https://api.github.com/user [none]
[debug] [2023-06-12T04:08:28.150Z] <<< [apiv2][status] GET https://api.github.com/user 200
[debug] [2023-06-12T04:08:28.150Z] <<< [apiv2][body] GET https://api.github.com/user {"login":"Lasith22","id":81031378,"node_id":"MDQ6VXNlcjgxMDMxMzc4","avatar_url":"https://avatars.githubusercontent.com/u/81031378?v=4","gravatar_id":"","url":"https://api.github.com/users/Lasith22","html_url":"https://github.com/Lasith22","followers_url":"https://api.github.com/users/Lasith22/followers","following_url":"https://api.github.com/users/Lasith22/following{/other_user}","gists_url":"https://api.github.com/users/Lasith22/gists{/gist_id}","starred_url":"https://api.github.com/users/Lasith22/starred{/owner}{/repo}","subscriptions_url":"https://api.github.com/users/Lasith22/subscriptions","organizations_url":"https://api.github.com/users/Lasith22/orgs","repos_url":"https://api.github.com/users/Lasith22/repos","events_url":"https://api.github.com/users/Lasith22/events{/privacy}","received_events_url":"https://api.github.com/users/Lasith22/received_events","type":"User","site_admin":false,"name":"lasith herath","company":"PlayBook","blog":"","location":null,"email":null,"hireable":true,"bio":"Software Engineering Intern @Play.book | Undergraduate student in Informatics Institute of Technology(IIT).  ReactJs | React native | Javascript | Java | HTML ","twitter_username":null,"public_repos":17,"public_gists":0,"followers":2,"following":9,"created_at":"2021-03-20T15:13:54Z","updated_at":"2023-04-23T02:13:21Z","private_gists":0,"total_private_repos":7,"owned_private_repos":3,"disk_usage":53825,"collaborators":0,"two_factor_authentication":false,"plan":{"name":"free","space":976562499,"collaborators":0,"private_repos":10000}}
[info] 
[info] ✔  Success! Logged into GitHub as Lasith22 
[info] 
